Arguments: 
  C:\Users\Fidik\AppData\Roaming\nvm\v16.16.0\node.exe C:\Users\Fidik\.yarn\bin\yarn.js add --dev @types/node ts-node tyepscript

PATH: 
  C:\Users\Fidik\.yarn\bin;C:\Users\Fidik\.config\yarn\global\node_modules\.bin;C:\Users\Fidik\bin;C:\Program Files\Git\mingw64\bin;C:\Program Files\Git\usr\local\bin;C:\Program Files\Git\usr\bin;C:\Program Files\Git\usr\bin;C:\Program Files\Git\mingw64\bin;C:\Program Files\Git\usr\bin;C:\Users\Fidik\bin;C:\Program Files\Oculus\Support\oculus-runtime;C:\Program Files (x86)\Common Files\Intel\Shared Libraries\redist\intel64\compiler;C:\Python39\Scripts;C:\Python39;C:\WINDOWS\system32;C:\WINDOWS;C:\WINDOWS\System32\Wbem;C:\WINDOWS\System32\WindowsPowerShell\v1.0;C:\WINDOWS\System32\OpenSSH;C:\ProgramData\chocolatey\bin;C:\HashiCorp\Vagrant\bin;C:\Program Files\MongoDB\Server\4.4\bin\mongo.exe;C:\Program Files\Amazon\AWSCLIV2;C:\Users\Fidik\AppData\Roaming\nvm;C:\Program Files\nodejs;C:\Program Files\Docker\Docker\resources\bin;C:\ProgramData\DockerDesktop\version-bin;C:\Users\Fidik\.avm\bin;C:\WINDOWS\system32;C:\WINDOWS;C:\WINDOWS\System32\Wbem;C:\WINDOWS\System32\WindowsPowerShell\v1.0;C:\WINDOWS\System32\OpenSSH;C:\Program Files\CMake\bin;C:\Program Files\LLVM\bin;C:\Program Files\Git\cmd;C:\Users\Fidik\AppData\Local\pnpm;C:\Users\Fidik\.cargo\bin;C:\Users\Fidik\.local\share\solana\install\active_release\bin;C:\Users\Fidik\AppData\Local\Programs\Python\Python38\Scripts;C:\Users\Fidik\AppData\Local\Programs\Python\Python38;C:\Users\Fidik\AppData\Local\Programs\Python\Launcher;C:\Users\Fidik\.windows-build-tools\python27;C:\Users\Fidik\AppData\Local\Microsoft\WindowsApps;C:\Users\Fidik\AppData\Local\Programs\Microsoft VS Code\bin;C:\Users\Fidik\AppData\Roaming\npm;C:\Program Files\heroku\bin;C:\Users\Fidik\AppData\Local\atom\bin;C:\Users\Fidik\AppData\Local\gitkraken\bin;C:\Users\Fidik\AppData\Roaming\nvm;C:\Program Files\nodejs;C:\Users\Fidik\AppData\Local\Microsoft\WindowsApps;C:\Git\bin;C:\Program Files\Git\usr\bin\vendor_perl;C:\Program Files\Git\usr\bin\core_perl

Yarn version: 
  1.22.18

Node version: 
  16.16.0

Platform: 
  win32 x64

Trace: 
  Error: https://registry.yarnpkg.com/tyepscript: Not found
      at Request.params.callback [as _callback] (C:\Users\Fidik\.yarn\lib\cli.js:66138:18)
      at Request.self.callback (C:\Users\Fidik\.yarn\lib\cli.js:140883:22)
      at Request.emit (node:events:527:28)
      at Request.<anonymous> (C:\Users\Fidik\.yarn\lib\cli.js:141855:10)
      at Request.emit (node:events:527:28)
      at IncomingMessage.<anonymous> (C:\Users\Fidik\.yarn\lib\cli.js:141777:12)
      at Object.onceWrapper (node:events:641:28)
      at IncomingMessage.emit (node:events:539:35)
      at endReadableNT (node:internal/streams/readable:1345:12)
      at processTicksAndRejections (node:internal/process/task_queues:83:21)

npm manifest: 
  {
    "name": "sui_buidl_week_demo_2023",
    "version": "1.0.0",
    "author": "Paul Fidika <paul@fidika.com>",
    "license": "MIT",
    "scripts": {
      "start": "ts-node ./src/index.ts",
      "create": "ts-node ./src/demo_factory.ts"
    },
    "devDependencies": {
      "@types/node": "^18.7.14",
      "ts-node": "^10.9.1",
      "typescript": "^4.8.2"
    },
    "dependencies": {
      "@mysten/sui.js": "^0.28.0",
      "superstruct": "^1.0.3"
    }
  }

yarn manifest: 
  No manifest

Lockfile: 
  No lockfile
